2020-01-12 21:57:38.366  WARN 50528 --- [restartedMain] JpaBaseConfiguration$JpaWebConfiguration : spring.jpa.open-in-view is enabled by default. Therefore, database queries may be performed during view rendering. Explicitly configure spring.jpa.open-in-view to disable this warning
2020-01-12 21:58:24.427 DEBUG 23740 --- [restartedMain] o.s.web.context.ContextLoader            : Published root WebApplicationContext as ServletContext attribute with name [org.springframework.web.context.WebApplicationContext.ROOT]
2020-01-12 21:58:24.429  INFO 23740 --- [restartedMain] o.s.web.context.ContextLoader            : Root WebApplicationContext: initialization completed in 1808 ms
2020-01-12 21:58:26.299  WARN 23740 --- [restartedMain] JpaBaseConfiguration$JpaWebConfiguration : spring.jpa.open-in-view is enabled by default. Therefore, database queries may be performed during view rendering. Explicitly configure spring.jpa.open-in-view to disable this warning
2020-01-12 21:58:26.440 DEBUG 23740 --- [restartedMain] s.w.s.m.m.a.RequestMappingHandlerAdapter : ControllerAdvice beans: 0 @ModelAttribute, 0 @InitBinder, 1 RequestBodyAdvice, 1 ResponseBodyAdvice
2020-01-12 21:58:26.488 DEBUG 23740 --- [restartedMain] s.w.s.m.m.a.RequestMappingHandlerMapping : 15 mappings in 'requestMappingHandlerMapping'
2020-01-12 21:58:26.515 DEBUG 23740 --- [restartedMain] o.s.w.s.handler.SimpleUrlHandlerMapping  : Patterns [/webjars/**, /**] in 'resourceHandlerMapping'
2020-01-12 21:58:26.525 DEBUG 23740 --- [restartedMain] .m.m.a.ExceptionHandlerExceptionResolver : ControllerAdvice beans: 0 @ExceptionHandler, 1 ResponseBodyAdvice
2020-01-12 21:59:05.431  INFO 23740 --- [http-nio-8080-exec-1] o.s.web.servlet.DispatcherServlet        : Initializing Servlet 'dispatcherServlet'
2020-01-12 21:59:05.433 DEBUG 23740 --- [http-nio-8080-exec-1] o.s.web.servlet.DispatcherServlet        : Detected StandardServletMultipartResolver
2020-01-12 21:59:05.443 DEBUG 23740 --- [http-nio-8080-exec-1] o.s.web.servlet.DispatcherServlet        : enableLoggingRequestDetails='false': request parameters and headers will be masked to prevent unsafe logging of potentially sensitive data
2020-01-12 21:59:05.443  INFO 23740 --- [http-nio-8080-exec-1] o.s.web.servlet.DispatcherServlet        : Completed initialization in 10 ms
2020-01-12 21:59:05.449 DEBUG 23740 --- [http-nio-8080-exec-1] o.s.web.servlet.DispatcherServlet        : GET "/client", parameters={}
2020-01-12 21:59:05.457 DEBUG 23740 --- [http-nio-8080-exec-1] o.s.w.s.handler.SimpleUrlHandlerMapping  : Mapped to ResourceHttpRequestHandler ["classpath:/META-INF/resources/", "classpath:/resources/", "classpath:/static/", "classpath:/public/", "/"]
2020-01-12 21:59:05.461 DEBUG 23740 --- [http-nio-8080-exec-1] o.s.w.s.r.ResourceHttpRequestHandler     : Resource not found
2020-01-12 21:59:05.461 DEBUG 23740 --- [http-nio-8080-exec-1] o.s.web.servlet.DispatcherServlet        : Completed 404 NOT_FOUND
2020-01-12 21:59:05.467 DEBUG 23740 --- [http-nio-8080-exec-1] o.s.web.servlet.DispatcherServlet        : "ERROR" dispatch for GET "/error", parameters={}
2020-01-12 21:59:05.469 DEBUG 23740 --- [http-nio-8080-exec-1] s.w.s.m.m.a.RequestMappingHandlerMapping : Mapped to org.springframework.boot.autoconfigure.web.servlet.error.BasicErrorController#errorHtml(HttpServletRequest, HttpServletResponse)
2020-01-12 21:59:05.486 DEBUG 23740 --- [http-nio-8080-exec-1] o.s.w.s.v.ContentNegotiatingViewResolver : Selected 'text/html' given [text/html, text/html;q=0.8]
2020-01-12 21:59:05.491 DEBUG 23740 --- [http-nio-8080-exec-1] o.s.web.servlet.DispatcherServlet        : Exiting from "ERROR" dispatch, status 404
2020-01-12 21:59:05.586 DEBUG 23740 --- [http-nio-8080-exec-2] o.s.web.servlet.DispatcherServlet        : GET "/favicon.ico", parameters={}
2020-01-12 21:59:05.586 DEBUG 23740 --- [http-nio-8080-exec-2] o.s.w.s.handler.SimpleUrlHandlerMapping  : Mapped to ResourceHttpRequestHandler ["classpath:/META-INF/resources/", "classpath:/resources/", "classpath:/static/", "classpath:/public/", "/"]
2020-01-12 21:59:05.588 DEBUG 23740 --- [http-nio-8080-exec-2] o.s.w.s.r.ResourceHttpRequestHandler     : Resource not found
2020-01-12 21:59:05.589 DEBUG 23740 --- [http-nio-8080-exec-2] o.s.web.servlet.DispatcherServlet        : Completed 404 NOT_FOUND
2020-01-12 21:59:05.589 DEBUG 23740 --- [http-nio-8080-exec-2] o.s.web.servlet.DispatcherServlet        : "ERROR" dispatch for GET "/error", parameters={}
2020-01-12 21:59:05.589 DEBUG 23740 --- [http-nio-8080-exec-2] s.w.s.m.m.a.RequestMappingHandlerMapping : Mapped to org.springframework.boot.autoconfigure.web.servlet.error.BasicErrorController#error(HttpServletRequest)
2020-01-12 21:59:05.600 DEBUG 23740 --- [http-nio-8080-exec-2] o.s.w.s.m.m.a.HttpEntityMethodProcessor  : Using 'application/json;q=0.8', given [image/webp, image/apng, image/*, */*;q=0.8] and supported [application/json, application/*+json, application/json, application/*+json]
2020-01-12 21:59:05.601 DEBUG 23740 --- [http-nio-8080-exec-2] o.s.w.s.m.m.a.HttpEntityMethodProcessor  : Writing [{timestamp=Sun Jan 12 21:59:05 GMT 2020, status=404, error=Not Found, message=No message available,  (truncated)...]
2020-01-12 21:59:05.629 DEBUG 23740 --- [http-nio-8080-exec-2] o.s.web.servlet.DispatcherServlet        : Exiting from "ERROR" dispatch, status 404
2020-01-12 21:59:14.891 DEBUG 23740 --- [http-nio-8080-exec-4] o.s.web.servlet.DispatcherServlet        : GET "/aluno", parameters={}
2020-01-12 21:59:14.892 DEBUG 23740 --- [http-nio-8080-exec-4] s.w.s.m.m.a.RequestMappingHandlerMapping : Mapped to esof.projeto.controllers.AlunoController#getAllAlunos()
2020-01-12 21:59:14.989 DEBUG 23740 --- [http-nio-8080-exec-4] o.s.w.s.m.m.a.HttpEntityMethodProcessor  : Using 'application/json;q=0.8', given [text/html, application/xhtml+xml, image/webp, image/apng, application/xml;q=0.9, application/signed-exchange;v=b3;q=0.9, */*;q=0.8] and supported [application/json, application/*+json, application/json, application/*+json]
2020-01-12 21:59:14.989 DEBUG 23740 --- [http-nio-8080-exec-4] o.s.w.s.m.m.a.HttpEntityMethodProcessor  : Writing [[]]
2020-01-12 21:59:14.990 DEBUG 23740 --- [http-nio-8080-exec-4] o.s.web.servlet.DispatcherServlet        : Completed 200 OK
2020-01-12 21:59:22.505 DEBUG 23740 --- [http-nio-8080-exec-5] o.s.web.servlet.DispatcherServlet        : GET "/aluno/ola", parameters={}
2020-01-12 21:59:22.506 DEBUG 23740 --- [http-nio-8080-exec-5] s.w.s.m.m.a.RequestMappingHandlerMapping : Mapped to esof.projeto.controllers.AlunoController#getAlunobyId(Long)
2020-01-12 21:59:22.516 DEBUG 23740 --- [http-nio-8080-exec-5] .w.s.m.m.a.ServletInvocableHandlerMethod : Could not resolve parameter [0] in public org.springframework.http.ResponseEntity<esof.projeto.models.Aluno> esof.projeto.controllers.AlunoController.getAlunobyId(java.lang.Long) throws esof.projeto.controllers.AlunoController$NoAlunoException: Failed to convert value of type 'java.lang.String' to required type 'java.lang.Long'; nested exception is java.lang.NumberFormatException: For input string: "ola"
2020-01-12 21:59:22.519  WARN 23740 --- [http-nio-8080-exec-5] .w.s.m.s.DefaultHandlerExceptionResolver : Resolved [org.springframework.web.method.annotation.MethodArgumentTypeMismatchException: Failed to convert value of type 'java.lang.String' to required type 'java.lang.Long'; nested exception is java.lang.NumberFormatException: For input string: "ola"]
2020-01-12 21:59:22.519 DEBUG 23740 --- [http-nio-8080-exec-5] o.s.web.servlet.DispatcherServlet        : Completed 400 BAD_REQUEST
2020-01-12 21:59:22.519 DEBUG 23740 --- [http-nio-8080-exec-5] o.s.web.servlet.DispatcherServlet        : "ERROR" dispatch for GET "/error", parameters={}
2020-01-12 21:59:22.520 DEBUG 23740 --- [http-nio-8080-exec-5] s.w.s.m.m.a.RequestMappingHandlerMapping : Mapped to org.springframework.boot.autoconfigure.web.servlet.error.BasicErrorController#errorHtml(HttpServletRequest, HttpServletResponse)
2020-01-12 21:59:22.526 DEBUG 23740 --- [http-nio-8080-exec-5] o.s.w.s.v.ContentNegotiatingViewResolver : Selected 'text/html' given [text/html, text/html;q=0.8]
2020-01-12 21:59:22.527 DEBUG 23740 --- [http-nio-8080-exec-5] o.s.web.servlet.DispatcherServlet        : Exiting from "ERROR" dispatch, status 400
2020-01-12 21:59:31.593 DEBUG 23740 --- [http-nio-8080-exec-6] o.s.web.servlet.DispatcherServlet        : GET "/", parameters={}
2020-01-12 21:59:31.593 DEBUG 23740 --- [http-nio-8080-exec-6] o.s.w.s.handler.SimpleUrlHandlerMapping  : Mapped to ResourceHttpRequestHandler ["classpath:/META-INF/resources/", "classpath:/resources/", "classpath:/static/", "classpath:/public/", "/"]
2020-01-12 21:59:31.594 DEBUG 23740 --- [http-nio-8080-exec-6] o.s.w.s.r.ResourceHttpRequestHandler     : Resource not found
2020-01-12 21:59:31.594 DEBUG 23740 --- [http-nio-8080-exec-6] o.s.web.servlet.DispatcherServlet        : Completed 404 NOT_FOUND
2020-01-12 21:59:31.595 DEBUG 23740 --- [http-nio-8080-exec-6] o.s.web.servlet.DispatcherServlet        : "ERROR" dispatch for GET "/error", parameters={}
2020-01-12 21:59:31.595 DEBUG 23740 --- [http-nio-8080-exec-6] s.w.s.m.m.a.RequestMappingHandlerMapping : Mapped to org.springframework.boot.autoconfigure.web.servlet.error.BasicErrorController#errorHtml(HttpServletRequest, HttpServletResponse)
2020-01-12 21:59:31.602 DEBUG 23740 --- [http-nio-8080-exec-6] o.s.w.s.v.ContentNegotiatingViewResolver : Selected 'text/html' given [text/html, text/html;q=0.8]
2020-01-12 21:59:31.603 DEBUG 23740 --- [http-nio-8080-exec-6] o.s.web.servlet.DispatcherServlet        : Exiting from "ERROR" dispatch, status 404
2020-01-12 21:59:36.697 DEBUG 23740 --- [http-nio-8080-exec-8] o.s.web.servlet.DispatcherServlet        : GET "/explicador", parameters={}
2020-01-12 21:59:36.698 DEBUG 23740 --- [http-nio-8080-exec-8] s.w.s.m.m.a.RequestMappingHandlerMapping : Mapped to esof.projeto.controllers.ExplicadorController#getTodosExplicadores(Map)
2020-01-12 21:59:36.704 DEBUG 23740 --- [http-nio-8080-exec-8] o.s.w.s.m.m.a.HttpEntityMethodProcessor  : Using 'application/json;q=0.8', given [text/html, application/xhtml+xml, image/webp, image/apng, application/xml;q=0.9, application/signed-exchange;v=b3;q=0.9, */*;q=0.8] and supported [application/json]
2020-01-12 21:59:36.705 DEBUG 23740 --- [http-nio-8080-exec-8] o.s.w.s.m.m.a.HttpEntityMethodProcessor  : Writing [[]]
2020-01-12 21:59:36.705 DEBUG 23740 --- [http-nio-8080-exec-8] o.s.web.servlet.DispatcherServlet        : Completed 200 OK
